<?xml version="1.0" encoding="UTF-8"?>
<!-- Generated by org.testng.reporters.JUnitXMLReporter -->
<testsuite ignored="0" hostname="DESKTOP-T9D74HK" failures="0" tests="9" name="Default test" time="2.985" errors="0" timestamp="2023-07-09T15:52:57 IST">
  <testcase classname="test.HolidayDAOImplTest" name="testCountMandHolidays" time="0.123"/>
  <testcase classname="test.HolidayDAOImplTest" name="testFindAllGradeHolidays" time="0.008"/>
  <testcase classname="test.HolidayDAOImplTest" name="testFindAllHolidays" time="0.012"/>
  <testcase classname="test.HolidayDAOImplTest" name="testFindAllOptedHolidays" time="0.014"/>
  <testcase classname="test.HolidayDAOImplTest" name="testFindHolidayById" time="0.01"/>
  <testcase classname="test.HolidayDAOImplTest" name="testGetAllJobGradesInfo" time="0.009"/>
  <testcase classname="test.HolidayDAOImplTest" name="testSaveJobGrade" time="0.005"/>
  <testcase classname="test.HolidayDAOImplTest" name="testSaveJobGradeHoliday" time="0.004"/>
  <testcase classname="test.HolidayDAOImplTest" name="testUpdateJobGradeHoliday" time="0.003"/>
</testsuite> <!-- Default test -->
