<?xml version="1.0" encoding="UTF-8"?>
<testng-results ignored="0" total="9" passed="9" failed="0" skipped="0">
  <reporter-output>
  </reporter-output>
  <suite started-at="2023-07-09T15:52:54 IST" name="Default suite" finished-at="2023-07-09T15:52:57 IST" duration-ms="2985">
    <groups>
    </groups>
    <test started-at="2023-07-09T15:52:54 IST" name="Default test" finished-at="2023-07-09T15:52:57 IST" duration-ms="2985">
      <class name="test.HolidayDAOImplTest">
        <test-method is-config="true" signature="setUp()[pri:0, instance:test.HolidayDAOImplTest@78b7f805]" started-at="2023-07-09T15:52:54 IST" name="setUp" finished-at="2023-07-09T15:52:57 IST" duration-ms="2598" status="PASS">
          <reporter-output>
          </reporter-output>
        </test-method> <!-- setUp -->
        <test-method signature="testCountMandHolidays()[pri:0, instance:test.HolidayDAOImplTest@78b7f805]" started-at="2023-07-09T15:52:57 IST" name="testCountMandHolidays" finished-at="2023-07-09T15:52:57 IST" duration-ms="123" status="PASS">
          <reporter-output>
          </reporter-output>
        </test-method> <!-- testCountMandHolidays -->
        <test-method is-config="true" signature="setUp()[pri:0, instance:test.HolidayDAOImplTest@78b7f805]" started-at="2023-07-09T15:52:57 IST" name="setUp" finished-at="2023-07-09T15:52:57 IST" duration-ms="2" status="PASS">
          <reporter-output>
          </reporter-output>
        </test-method> <!-- setUp -->
        <test-method signature="testFindAllGradeHolidays()[pri:0, instance:test.HolidayDAOImplTest@78b7f805]" started-at="2023-07-09T15:52:57 IST" name="testFindAllGradeHolidays" finished-at="2023-07-09T15:52:57 IST" duration-ms="8" status="PASS">
          <reporter-output>
          </reporter-output>
        </test-method> <!-- testFindAllGradeHolidays -->
        <test-method is-config="true" signature="setUp()[pri:0, instance:test.HolidayDAOImplTest@78b7f805]" started-at="2023-07-09T15:52:57 IST" name="setUp" finished-at="2023-07-09T15:52:57 IST" duration-ms="1" status="PASS">
          <reporter-output>
          </reporter-output>
        </test-method> <!-- setUp -->
        <test-method signature="testFindAllHolidays()[pri:0, instance:test.HolidayDAOImplTest@78b7f805]" started-at="2023-07-09T15:52:57 IST" name="testFindAllHolidays" finished-at="2023-07-09T15:52:57 IST" duration-ms="12" status="PASS">
          <reporter-output>
          </reporter-output>
        </test-method> <!-- testFindAllHolidays -->
        <test-method is-config="true" signature="setUp()[pri:0, instance:test.HolidayDAOImplTest@78b7f805]" started-at="2023-07-09T15:52:57 IST" name="setUp" finished-at="2023-07-09T15:52:57 IST" duration-ms="1" status="PASS">
          <reporter-output>
          </reporter-output>
        </test-method> <!-- setUp -->
        <test-method signature="testFindAllOptedHolidays()[pri:0, instance:test.HolidayDAOImplTest@78b7f805]" started-at="2023-07-09T15:52:57 IST" name="testFindAllOptedHolidays" finished-at="2023-07-09T15:52:57 IST" duration-ms="14" status="PASS">
          <reporter-output>
          </reporter-output>
        </test-method> <!-- testFindAllOptedHolidays -->
        <test-method is-config="true" signature="setUp()[pri:0, instance:test.HolidayDAOImplTest@78b7f805]" started-at="2023-07-09T15:52:57 IST" name="setUp" finished-at="2023-07-09T15:52:57 IST" duration-ms="2" status="PASS">
          <reporter-output>
          </reporter-output>
        </test-method> <!-- setUp -->
        <test-method signature="testFindHolidayById()[pri:0, instance:test.HolidayDAOImplTest@78b7f805]" started-at="2023-07-09T15:52:57 IST" name="testFindHolidayById" finished-at="2023-07-09T15:52:57 IST" duration-ms="10" status="PASS">
          <reporter-output>
          </reporter-output>
        </test-method> <!-- testFindHolidayById -->
        <test-method is-config="true" signature="setUp()[pri:0, instance:test.HolidayDAOImplTest@78b7f805]" started-at="2023-07-09T15:52:57 IST" name="setUp" finished-at="2023-07-09T15:52:57 IST" duration-ms="1" status="PASS">
          <reporter-output>
          </reporter-output>
        </test-method> <!-- setUp -->
        <test-method signature="testGetAllJobGradesInfo()[pri:0, instance:test.HolidayDAOImplTest@78b7f805]" started-at="2023-07-09T15:52:57 IST" name="testGetAllJobGradesInfo" finished-at="2023-07-09T15:52:57 IST" duration-ms="9" status="PASS">
          <reporter-output>
          </reporter-output>
        </test-method> <!-- testGetAllJobGradesInfo -->
        <test-method is-config="true" signature="setUp()[pri:0, instance:test.HolidayDAOImplTest@78b7f805]" started-at="2023-07-09T15:52:57 IST" name="setUp" finished-at="2023-07-09T15:52:57 IST" duration-ms="3" status="PASS">
          <reporter-output>
          </reporter-output>
        </test-method> <!-- setUp -->
        <test-method signature="testSaveJobGrade()[pri:0, instance:test.HolidayDAOImplTest@78b7f805]" started-at="2023-07-09T15:52:57 IST" name="testSaveJobGrade" finished-at="2023-07-09T15:52:57 IST" duration-ms="5" status="PASS">
          <reporter-output>
          </reporter-output>
        </test-method> <!-- testSaveJobGrade -->
        <test-method is-config="true" signature="setUp()[pri:0, instance:test.HolidayDAOImplTest@78b7f805]" started-at="2023-07-09T15:52:57 IST" name="setUp" finished-at="2023-07-09T15:52:57 IST" duration-ms="1" status="PASS">
          <reporter-output>
          </reporter-output>
        </test-method> <!-- setUp -->
        <test-method signature="testSaveJobGradeHoliday()[pri:0, instance:test.HolidayDAOImplTest@78b7f805]" started-at="2023-07-09T15:52:57 IST" name="testSaveJobGradeHoliday" finished-at="2023-07-09T15:52:57 IST" duration-ms="4" status="PASS">
          <reporter-output>
          </reporter-output>
        </test-method> <!-- testSaveJobGradeHoliday -->
        <test-method is-config="true" signature="setUp()[pri:0, instance:test.HolidayDAOImplTest@78b7f805]" started-at="2023-07-09T15:52:57 IST" name="setUp" finished-at="2023-07-09T15:52:57 IST" duration-ms="2" status="PASS">
          <reporter-output>
          </reporter-output>
        </test-method> <!-- setUp -->
        <test-method signature="testUpdateJobGradeHoliday()[pri:0, instance:test.HolidayDAOImplTest@78b7f805]" started-at="2023-07-09T15:52:57 IST" name="testUpdateJobGradeHoliday" finished-at="2023-07-09T15:52:57 IST" duration-ms="3" status="PASS">
          <reporter-output>
          </reporter-output>
        </test-method> <!-- testUpdateJobGradeHoliday -->
      </class> <!-- test.HolidayDAOImplTest -->
    </test> <!-- Default test -->
  </suite> <!-- Default suite -->
</testng-results>
